{"numFailedTestSuites":5,"numFailedTests":17,"numPassedTestSuites":28,"numPassedTests":438,"numPendingTestSuites":0,"numPendingTests":0,"numRuntimeErrorTestSuites":0,"numTodoTests":0,"numTotalTestSuites":33,"numTotalTests":455,"openHandles":[],"snapshot":{"added":0,"didUpdate":false,"failure":true,"filesAdded":0,"filesRemoved":0,"filesRemovedList":[],"filesUnmatched":1,"filesUpdated":0,"matched":3,"total":6,"unchecked":0,"uncheckedKeysByFile":[],"unmatched":3,"updated":0},"startTime":1774453633042,"success":false,"testResults":[{"assertionResults":[{"ancestorTitles":["Select Cards Layout Snapshots","RadarSelectCard Layout"],"duration":30,"failing":false,"failureDetails":[{"matcherResult":{"actual":"<div\n  class=\"rounded-lg border bg-card text-card-foreground shadow-sm absolute left-2 top-2 w-[400px] tracking-tighter\"\n>\n  <div\n    class=\"relative\"\n  >\n    <button\n      class=\"inline-flex items-center justify-center whitespace-nowrap rounded-md text-sm font-medium ring-offset-background transition-colors focus-visible:outline-none focus-visible:ring-2 focus-visible:ring-ring focus-visible:ring-offset-2 disabled:pointer-events-none disabled:opacity-50 border border-input bg-background hover:bg-accent hover:text-accent-foreground absolute right-1 top-1 h-5 w-5 p-0\"\n    >\n      <svg\n        class=\"lucide lucide-x h-4 w-4\"\n        fill=\"none\"\n        height=\"24\"\n        stroke=\"currentColor\"\n        stroke-linecap=\"round\"\n        stroke-linejoin=\"round\"\n        stroke-width=\"2\"\n        viewBox=\"0 0 24 24\"\n        width=\"24\"\n        xmlns=\"http://www.w3.org/2000/svg\"\n      >\n        <path\n          d=\"M18 6 6 18\"\n        />\n        <path\n          d=\"m6 6 12 12\"\n        />\n      </svg>\n    </button>\n    <div\n      class=\"flex flex-col space-y-1.5 p-6 border-b px-4 py-3\"\n    >\n      <h3\n        class=\"text-left text-sm font-semibold tracking-tighter\"\n      >\n        Informações do Equipamento\n      </h3>\n    </div>\n    <div\n      class=\"p-6 px-4 py-3\"\n    >\n      <div\n        class=\"space-y-3 text-sm\"\n      >\n        <div\n          class=\"flex flex-col space-y-1\"\n        >\n          <span\n            class=\"text-sm font-medium\"\n          >\n            Código do Equipamento\n          </span>\n          <span\n            class=\"break-all text-sm text-muted-foreground\"\n          >\n            123456\n          </span>\n        </div>\n        <div\n          class=\"flex flex-col space-y-1\"\n        >\n          <div\n            class=\"flex items-center gap-1\"\n          >\n            <svg\n              class=\"lucide lucide-map-pin size-4 shrink-0\"\n              fill=\"none\"\n              height=\"24\"\n              stroke=\"currentColor\"\n              stroke-linecap=\"round\"\n              stroke-linejoin=\"round\"\n              stroke-width=\"2\"\n              viewBox=\"0 0 24 24\"\n              width=\"24\"\n              xmlns=\"http://www.w3.org/2000/svg\"\n            >\n              <path\n                d=\"M20 10c0 6-8 12-8 12s-8-6-8-12a8 8 0 0 1 16 0Z\"\n              />\n              <circle\n                cx=\"12\"\n                cy=\"10\"\n                r=\"3\"\n              />\n            </svg>\n            <span\n              class=\"text-sm font-medium\"\n            >\n              Localização\n            </span>\n          </div>\n          <span\n            class=\"text-sm text-muted-foreground\"\n          >\n            Avenida Atlântica - Copacabana\n          </span>\n        </div>\n        <div\n          class=\"grid grid-cols-2 gap-4\"\n        >\n          <div\n            class=\"flex flex-col space-y-1\"\n          >\n            <span\n              class=\"text-sm font-medium\"\n            >\n              Latitude\n            </span>\n            <span\n              class=\"break-all text-sm text-muted-foreground\"\n            >\n              -22.9068\n            </span>\n          </div>\n          <div\n            class=\"flex flex-col space-y-1\"\n          >\n            <span\n              class=\"text-sm font-medium\"\n            >\n              Longitude\n            </span>\n            <span\n              class=\"break-all text-sm text-muted-foreground\"\n            >\n              -43.1729\n            </span>\n          </div>\n        </div>\n        <div\n          class=\"flex flex-col space-y-1\"\n        >\n          <div\n            class=\"flex items-center gap-1\"\n          >\n            <svg\n              class=\"lucide lucide-building size-4 shrink-0\"\n              fill=\"none\"\n              height=\"24\"\n              stroke=\"currentColor\"\n              stroke-linecap=\"round\"\n              stroke-linejoin=\"round\"\n              stroke-width=\"2\"\n              viewBox=\"0 0 24 24\"\n              width=\"24\"\n              xmlns=\"http://www.w3.org/2000/svg\"\n            >\n              <rect\n                height=\"20\"\n                rx=\"2\"\n                ry=\"2\"\n                width=\"16\"\n                x=\"4\"\n                y=\"2\"\n              />\n              <path\n                d=\"M9 22v-4h6v4\"\n              />\n              <path\n                d=\"M8 6h.01\"\n              />\n              <path\n                d=\"M16 6h.01\"\n              />\n              <path\n                d=\"M12 6h.01\"\n              />\n              <path\n                d=\"M12 10h.01\"\n              />\n              <path\n                d=\"M12 14h.01\"\n              />\n              <path\n                d=\"M16 10h.01\"\n              />\n              <path\n                d=\"M16 14h.01\"\n              />\n              <path\n                d=\"M8 10h.01\"\n              />\n              <path\n                d=\"M8 14h.01\"\n              />\n            </svg>\n            <span\n              class=\"text-sm font-medium\"\n            >\n              Empresa\n            </span>\n          </div>\n          <span\n            class=\"text-sm text-muted-foreground\"\n          >\n            TECHNO RADARES\n          </span>\n        </div>\n        <div\n          class=\"flex flex-col space-y-1\"\n        >\n          <div\n            class=\"flex items-center gap-1\"\n          >\n            <svg\n              class=\"lucide lucide-history size-4 shrink-0\"\n              fill=\"none\"\n              height=\"24\"\n              stroke=\"currentColor\"\n              stroke-linecap=\"round\"\n              stroke-linejoin=\"round\"\n              stroke-width=\"2\"\n              viewBox=\"0 0 24 24\"\n              width=\"24\"\n              xmlns=\"http://www.w3.org/2000/svg\"\n            >\n              <path\n                d=\"M3 12a9 9 0 1 0 9-9 9.75 9.75 0 0 0-6.74 2.74L3 8\"\n              />\n              <path\n                d=\"M3 3v5h5\"\n              />\n              <path\n                d=\"M12 7v5l4 2\"\n              />\n            </svg>\n            <span\n              class=\"text-sm font-medium\"\n            >\n              Última detecção\n            </span>\n          </div>\n          <span\n            class=\"text-sm text-muted-foreground\"\n          >\n            15/01/2025 às 10:30:00\n          </span>\n        </div>\n        <div\n          class=\"flex flex-col space-y-1\"\n        >\n          <span\n            class=\"text-sm font-medium\"\n          >\n            Ativo nas últimas 24 horas\n          </span>\n          <span\n            class=\"text-sm text-emerald-600\"\n          >\n            Sim\n          </span>\n        </div>\n        <div\n          class=\"flex gap-2 pt-2\"\n        >\n          <button\n            class=\"inline-flex items-center justify-center whitespace-nowrap text-sm font-medium ring-offset-background transition-colors focus-visible:outline-none focus-visible:ring-2 focus-visible:ring-ring focus-visible:ring-offset-2 disabled:pointer-events-none disabled:opacity-50 border border-input bg-background hover:bg-accent hover:text-accent-foreground h-9 rounded-md px-3 flex-1\"\n          >\n            <svg\n              class=\"lucide lucide-map-pin mr-2 h-4 w-4\"\n              fill=\"none\"\n              height=\"24\"\n              stroke=\"currentColor\"\n              stroke-linecap=\"round\"\n              stroke-linejoin=\"round\"\n              stroke-width=\"2\"\n              viewBox=\"0 0 24 24\"\n              width=\"24\"\n              xmlns=\"http://www.w3.org/2000/svg\"\n            >\n              <path\n                d=\"M20 10c0 6-8 12-8 12s-8-6-8-12a8 8 0 0 1 16 0Z\"\n              />\n              <circle\n                cx=\"12\"\n                cy=\"10\"\n                r=\"3\"\n              />\n            </svg>\n            Focar no Equipamento\n          </button>\n          <button\n            class=\"inline-flex items-center justify-center whitespace-nowrap text-sm font-medium ring-offset-background transition-colors focus-visible:outline-none focus-visible:ring-2 focus-visible:ring-ring focus-visible:ring-offset-2 disabled:pointer-events-none disabled:opacity-50 border border-input bg-background hover:bg-accent hover:text-accent-foreground h-9 rounded-md px-3\"\n            title=\"Voltar ao zoom anterior\"\n          >\n            <svg\n              class=\"lucide lucide-rotate-ccw h-4 w-4\"\n              fill=\"none\"\n              height=\"24\"\n              stroke=\"currentColor\"\n              stroke-linecap=\"round\"\n              stroke-linejoin=\"round\"\n              stroke-width=\"2\"\n              viewBox=\"0 0 24 24\"\n              width=\"24\"\n              xmlns=\"http://www.w3.org/2000/svg\"\n            >\n              <path\n                d=\"M3 12a9 9 0 1 0 9-9 9.75 9.75 0 0 0-6.74 2.74L3 8\"\n              />\n              <path\n                d=\"M3 3v5h5\"\n              />\n            </svg>\n          </button>\n        </div>\n      </div>\n    </div>\n  </div>\n</div>","expected":"<div\n  class=\"rounded-lg border bg-card text-card-foreground shadow-sm absolute left-2 top-2 w-[400px] tracking-tighter\"\n>\n  <div\n    class=\"relative\"\n  >\n    <button\n      class=\"inline-flex items-center justify-center whitespace-nowrap rounded-md text-sm font-medium ring-offset-background transition-colors focus-visible:outline-none focus-visible:ring-2 focus-visible:ring-ring focus-visible:ring-offset-2 disabled:pointer-events-none disabled:opacity-50 border border-input bg-background hover:bg-accent hover:text-accent-foreground absolute right-1 top-1 h-5 w-5 p-0\"\n    >\n      <svg\n        class=\"lucide lucide-x h-4 w-4\"\n        fill=\"none\"\n        height=\"24\"\n        stroke=\"currentColor\"\n        stroke-linecap=\"round\"\n        stroke-linejoin=\"round\"\n        stroke-width=\"2\"\n        viewBox=\"0 0 24 24\"\n        width=\"24\"\n        xmlns=\"http://www.w3.org/2000/svg\"\n      >\n        <path\n          d=\"M18 6 6 18\"\n        />\n        <path\n          d=\"m6 6 12 12\"\n        />\n      </svg>\n    </button>\n    <div\n      class=\"flex flex-col space-y-1.5 p-6 border-b px-4 py-3\"\n    >\n      <h3\n        class=\"text-left text-sm font-semibold tracking-tighter\"\n      >\n        Radar OCR\n      </h3>\n    </div>\n    <div\n      class=\"p-6 px-4 py-3\"\n    >\n      <div\n        class=\"space-y-3 text-sm\"\n      >\n        <div\n          class=\"flex flex-col space-y-1\"\n        >\n          <span\n            class=\"text-sm font-medium\"\n          >\n            Código CET-Rio\n          </span>\n          <span\n            class=\"break-all text-sm text-muted-foreground\"\n          >\n            123456\n          </span>\n        </div>\n        <div\n          class=\"flex flex-col space-y-1\"\n        >\n          <div\n            class=\"flex items-center gap-1\"\n          >\n            <svg\n              class=\"lucide lucide-map-pin size-4 shrink-0\"\n              fill=\"none\"\n              height=\"24\"\n              stroke=\"currentColor\"\n              stroke-linecap=\"round\"\n              stroke-linejoin=\"round\"\n              stroke-width=\"2\"\n              viewBox=\"0 0 24 24\"\n              width=\"24\"\n              xmlns=\"http://www.w3.org/2000/svg\"\n            >\n              <path\n                d=\"M20 10c0 6-8 12-8 12s-8-6-8-12a8 8 0 0 1 16 0Z\"\n              />\n              <circle\n                cx=\"12\"\n                cy=\"10\"\n                r=\"3\"\n              />\n            </svg>\n            <span\n              class=\"text-sm font-medium\"\n            >\n              Localização\n            </span>\n          </div>\n          <span\n            class=\"text-sm text-muted-foreground\"\n          >\n            Avenida Atlântica - Copacabana\n          </span>\n        </div>\n        <div\n          class=\"grid grid-cols-2 gap-4\"\n        >\n          <div\n            class=\"flex flex-col space-y-1\"\n          >\n            <span\n              class=\"text-sm font-medium\"\n            >\n              Latitude\n            </span>\n            <span\n              class=\"break-all text-sm text-muted-foreground\"\n            >\n              -22.9068\n            </span>\n          </div>\n          <div\n            class=\"flex flex-col space-y-1\"\n          >\n            <span\n              class=\"text-sm font-medium\"\n            >\n              Longitude\n            </span>\n            <span\n              class=\"break-all text-sm text-muted-foreground\"\n            >\n              -43.1729\n            </span>\n          </div>\n        </div>\n        <div\n          class=\"flex flex-col space-y-1\"\n        >\n          <div\n            class=\"flex items-center gap-1\"\n          >\n            <svg\n              class=\"lucide lucide-building size-4 shrink-0\"\n              fill=\"none\"\n              height=\"24\"\n              stroke=\"currentColor\"\n              stroke-linecap=\"round\"\n              stroke-linejoin=\"round\"\n              stroke-width=\"2\"\n              viewBox=\"0 0 24 24\"\n              width=\"24\"\n              xmlns=\"http://www.w3.org/2000/svg\"\n            >\n              <rect\n                height=\"20\"\n                rx=\"2\"\n                ry=\"2\"\n                width=\"16\"\n                x=\"4\"\n                y=\"2\"\n              />\n              <path\n                d=\"M9 22v-4h6v4\"\n              />\n              <path\n                d=\"M8 6h.01\"\n              />\n              <path\n                d=\"M16 6h.01\"\n              />\n              <path\n                d=\"M12 6h.01\"\n              />\n              <path\n                d=\"M12 10h.01\"\n              />\n              <path\n                d=\"M12 14h.01\"\n              />\n              <path\n                d=\"M16 10h.01\"\n              />\n              <path\n                d=\"M16 14h.01\"\n              />\n              <path\n                d=\"M8 10h.01\"\n              />\n              <path\n                d=\"M8 14h.01\"\n              />\n            </svg>\n            <span\n              class=\"text-sm font-medium\"\n            >\n              Empresa\n            </span>\n          </div>\n          <span\n            class=\"text-sm text-muted-foreground\"\n          >\n            TECHNO RADARES\n          </span>\n        </div>\n        <div\n          class=\"flex flex-col space-y-1\"\n        >\n          <div\n            class=\"flex items-center gap-1\"\n          >\n            <svg\n              class=\"lucide lucide-history size-4 shrink-0\"\n              fill=\"none\"\n              height=\"24\"\n              stroke=\"currentColor\"\n              stroke-linecap=\"round\"\n              stroke-linejoin=\"round\"\n              stroke-width=\"2\"\n              viewBox=\"0 0 24 24\"\n              width=\"24\"\n              xmlns=\"http://www.w3.org/2000/svg\"\n            >\n              <path\n                d=\"M3 12a9 9 0 1 0 9-9 9.75 9.75 0 0 0-6.74 2.74L3 8\"\n              />\n              <path\n                d=\"M3 3v5h5\"\n              />\n              <path\n                d=\"M12 7v5l4 2\"\n              />\n            </svg>\n            <span\n              class=\"text-sm font-medium\"\n            >\n              Última detecção\n            </span>\n          </div>\n          <span\n            class=\"text-sm text-muted-foreground\"\n          >\n            15/01/2025 às 10:30:00\n          </span>\n        </div>\n        <div\n          class=\"flex flex-col space-y-1\"\n        >\n          <span\n            class=\"text-sm font-medium\"\n          >\n            Ativo nas últimas 24 horas\n          </span>\n          <span\n            class=\"text-sm text-emerald-600\"\n          >\n            Sim\n          </span>\n        </div>\n        <div\n          class=\"flex gap-2 pt-2\"\n        >\n          <button\n            class=\"inline-flex items-center justify-center whitespace-nowrap text-sm font-medium ring-offset-background transition-colors focus-visible:outline-none focus-visible:ring-2 focus-visible:ring-ring focus-visible:ring-offset-2 disabled:pointer-events-none disabled:opacity-50 border border-input bg-background hover:bg-accent hover:text-accent-foreground h-9 rounded-md px-3 flex-1\"\n          >\n            <svg\n              class=\"lucide lucide-map-pin mr-2 h-4 w-4\"\n              fill=\"none\"\n              height=\"24\"\n              stroke=\"currentColor\"\n              stroke-linecap=\"round\"\n              stroke-linejoin=\"round\"\n              stroke-width=\"2\"\n              viewBox=\"0 0 24 24\"\n              width=\"24\"\n              xmlns=\"http://www.w3.org/2000/svg\"\n            >\n              <path\n                d=\"M20 10c0 6-8 12-8 12s-8-6-8-12a8 8 0 0 1 16 0Z\"\n              />\n              <circle\n                cx=\"12\"\n                cy=\"10\"\n                r=\"3\"\n              />\n            </svg>\n            Focar no Radar\n          </button>\n          <button\n            class=\"inline-flex items-center justify-center whitespace-nowrap text-sm font-medium ring-offset-background transition-colors focus-visible:outline-none focus-visible:ring-2 focus-visible:ring-ring focus-visible:ring-offset-2 disabled:pointer-events-none disabled:opacity-50 border border-input bg-background hover:bg-accent hover:text-accent-foreground h-9 rounded-md px-3\"\n            title=\"Voltar ao zoom anterior\"\n          >\n            <svg\n              class=\"lucide lucide-rotate-ccw h-4 w-4\"\n              fill=\"none\"\n              height=\"24\"\n              stroke=\"currentColor\"\n              stroke-linecap=\"round\"\n              stroke-linejoin=\"round\"\n              stroke-width=\"2\"\n              viewBox=\"0 0 24 24\"\n              width=\"24\"\n              xmlns=\"http://www.w3.org/2000/svg\"\n            >\n              <path\n                d=\"M3 12a9 9 0 1 0 9-9 9.75 9.75 0 0 0-6.74 2.74L3 8\"\n              />\n              <path\n                d=\"M3 3v5h5\"\n              />\n            </svg>\n          </button>\n        </div>\n      </div>\n    </div>\n  </div>\n</div>","message":"expect(received).toMatchSnapshot(hint)\n\nSnapshot name: `Select Cards Layout Snapshots RadarSelectCard Layout deve manter o layout compacto do radar card com radar ativo: radar-card-ativo 1`\n\n- Snapshot  - 3\n+ Received  + 3\n\n@@ -31,11 +31,11 @@\n        class=\"flex flex-col space-y-1.5 p-6 border-b px-4 py-3\"\n      >\n        <h3\n          class=\"text-left text-sm font-semibold tracking-tighter\"\n        >\n-         Radar OCR\n+         Informações do Equipamento\n        </h3>\n      </div>\n      <div\n        class=\"p-6 px-4 py-3\"\n      >\n@@ -46,11 +46,11 @@\n            class=\"flex flex-col space-y-1\"\n          >\n            <span\n              class=\"text-sm font-medium\"\n            >\n-             Código CET-Rio\n+             Código do Equipamento\n            </span>\n            <span\n              class=\"break-all text-sm text-muted-foreground\"\n            >\n              123456\n@@ -275,11 +275,11 @@\n                  cx=\"12\"\n                  cy=\"10\"\n                  r=\"3\"\n                />\n              </svg>\n-             Focar no Radar\n+             Focar no Equipamento\n            </button>\n            <button\n              class=\"inline-flex items-center justify-center whitespace-nowrap text-sm font-medium ring-offset-background transition-colors focus-visible:outline-none focus-visible:ring-2 focus-visible:ring-ring focus-visible:ring-offset-2 disabled:pointer-events-none disabled:opacity-50 border border-input bg-background hover:bg-accent hover:text-accent-foreground h-9 rounded-md px-3\"\n              title=\"Voltar ao zoom anterior\"\n            >","name":"toMatchSnapshot","pass":false}}],"failureMessages":["Error: expect(received).toMatchSnapshot(hint)\n\nSnapshot name: `Select Cards Layout Snapshots RadarSelectCard Layout deve manter o layout compacto do radar card com radar ativo: radar-card-ativo 1`\n\n- Snapshot  - 3\n+ Received  + 3\n\n@@ -31,11 +31,11 @@\n        class=\"flex flex-col space-y-1.5 p-6 border-b px-4 py-3\"\n      >\n        <h3\n          class=\"text-left text-sm font-semibold tracking-tighter\"\n        >\n-         Radar OCR\n+         Informações do Equipamento\n        </h3>\n      </div>\n      <div\n        class=\"p-6 px-4 py-3\"\n      >\n@@ -46,11 +46,11 @@\n            class=\"flex flex-col space-y-1\"\n          >\n            <span\n              class=\"text-sm font-medium\"\n            >\n-             Código CET-Rio\n+             Código do Equipamento\n            </span>\n            <span\n              class=\"break-all text-sm text-muted-foreground\"\n            >\n              123456\n@@ -275,11 +275,11 @@\n                  cx=\"12\"\n                  cy=\"10\"\n                  r=\"3\"\n                />\n              </svg>\n-             Focar no Radar\n+             Focar no Equipamento\n            </button>\n            <button\n              class=\"inline-flex items-center justify-center whitespace-nowrap text-sm font-medium ring-offset-background transition-colors focus-visible:outline-none focus-visible:ring-2 focus-visible:ring-ring focus-visible:ring-offset-2 disabled:pointer-events-none disabled:opacity-50 border border-input bg-background hover:bg-accent hover:text-accent-foreground h-9 rounded-md px-3\"\n              title=\"Voltar ao zoom anterior\"\n            >\n    at Object.toMatchSnapshot (/home/nicolas/dev/civitas-app/src/__tests__/components/map/select-cards-layout.test.tsx:74:36)\n    at Promise.finally.completed (/home/nicolas/dev/civitas-app/node_modules/.pnpm/jest-circus@30.1.1/node_modules/jest-circus/build/jestAdapterInit.js:1556:28)\n    at new Promise (<anonymous>)\n    at callAsyncCircusFn (/home/nicolas/dev/civitas-app/node_modules/.pnpm/jest-circus@30.1.1/node_modules/jest-circus/build/jestAdapterInit.js:1496:10)\n    at _callCircusTest (/home/nicolas/dev/civitas-app/node_modules/.pnpm/jest-circus@30.1.1/node_modules/jest-circus/build/jestAdapterInit.js:1006:40)\n    at processTicksAndRejections (node:internal/process/task_queues:105:5)\n    at _runTest (/home/nicolas/dev/civitas-app/node_modules/.pnpm/jest-circus@30.1.1/node_modules/jest-circus/build/jestAdapterInit.js:946:3)\n    at _runTestsForDescribeBlock (/home/nicolas/dev/civitas-app/node_modules/.pnpm/jest-circus@30.1.1/node_modules/jest-circus/build/jestAdapterInit.js:839:13)\n    at _runTestsForDescribeBlock (/home/nicolas/dev/civitas-app/node_modules/.pnpm/jest-circus@30.1.1/node_modules/jest-circus/build/jestAdapterInit.js:829:11)\n    at _runTestsForDescribeBlock (/home/nicolas/dev/civitas-app/node_modules/.pnpm/jest-circus@30.1.1/node_modules/jest-circus/build/jestAdapterInit.js:829:11)\n    at run (/home/nicolas/dev/civitas-app/node_modules/.pnpm/jest-circus@30.1.1/node_modules/jest-circus/build/jestAdapterInit.js:757:3)\n    at runAndTransformResultsToJestFormat (/home/nicolas/dev/civitas-app/node_modules/.pnpm/jest-circus@30.1.1/node_modules/jest-circus/build/jestAdapterInit.js:1917:21)\n    at jestAdapter (/home/nicolas/dev/civitas-app/node_modules/.pnpm/jest-circus@30.1.1/node_modules/jest-circus/build/runner.js:101:19)\n    at runTestInternal (/home/nicolas/dev/civitas-app/node_modules/.pnpm/jest-runner@30.1.1/node_modules/jest-runner/build/testWorker.js:275:16)\n    at runTest (/home/nicolas/dev/civitas-app/node_modules/.pnpm/jest-runner@30.1.1/node_modules/jest-runner/build/testWorker.js:343:7)\n    at Object.worker (/home/nicolas/dev/civitas-app/node_modules/.pnpm/jest-runner@30.1.1/node_modules/jest-runner/build/testWorker.js:497:12)"],"fullName":"Select Cards Layout Snapshots RadarSelectCard Layout deve manter o layout compacto do radar card com radar ativo","invocations":1,"location":null,"numPassingAsserts":0,"retryReasons":[],"startAt":1774453633674,"status":"failed","title":"deve manter o layout compacto do radar card com radar ativo"},{"ancestorTitles":["Select Cards Layout Snapshots","RadarSelectCard Layout"],"duration":15,"failing":false,"failureDetails":[{"matcherResult":{"actual":"<div\n  class=\"rounded-lg border bg-card text-card-foreground shadow-sm absolute left-2 top-2 w-[400px] tracking-tighter\"\n>\n  <div\n    class=\"relative\"\n  >\n    <button\n      class=\"inline-flex items-center justify-center whitespace-nowrap rounded-md text-sm font-medium ring-offset-background transition-colors focus-visible:outline-none focus-visible:ring-2 focus-visible:ring-ring focus-visible:ring-offset-2 disabled:pointer-events-none disabled:opacity-50 border border-input bg-background hover:bg-accent hover:text-accent-foreground absolute right-1 top-1 h-5 w-5 p-0\"\n    >\n      <svg\n        class=\"lucide lucide-x h-4 w-4\"\n        fill=\"none\"\n        height=\"24\"\n        stroke=\"currentColor\"\n        stroke-linecap=\"round\"\n        stroke-linejoin=\"round\"\n        stroke-width=\"2\"\n        viewBox=\"0 0 24 24\"\n        width=\"24\"\n        xmlns=\"http://www.w3.org/2000/svg\"\n      >\n        <path\n          d=\"M18 6 6 18\"\n        />\n        <path\n          d=\"m6 6 12 12\"\n        />\n      </svg>\n    </button>\n    <div\n      class=\"flex flex-col space-y-1.5 p-6 border-b px-4 py-3\"\n    >\n      <h3\n        class=\"text-left text-sm font-semibold tracking-tighter\"\n      >\n        Informações do Equipamento\n      </h3>\n    </div>\n    <div\n      class=\"p-6 px-4 py-3\"\n    >\n      <div\n        class=\"space-y-3 text-sm\"\n      >\n        <div\n          class=\"flex flex-col space-y-1\"\n        >\n          <span\n            class=\"text-sm font-medium\"\n          >\n            Código do Equipamento\n          </span>\n          <span\n            class=\"break-all text-sm text-muted-foreground\"\n          >\n            123456\n          </span>\n        </div>\n        <div\n          class=\"flex flex-col space-y-1\"\n        >\n          <div\n            class=\"flex items-center gap-1\"\n          >\n            <svg\n              class=\"lucide lucide-map-pin size-4 shrink-0\"\n              fill=\"none\"\n              height=\"24\"\n              stroke=\"currentColor\"\n              stroke-linecap=\"round\"\n              stroke-linejoin=\"round\"\n              stroke-width=\"2\"\n              viewBox=\"0 0 24 24\"\n              width=\"24\"\n              xmlns=\"http://www.w3.org/2000/svg\"\n            >\n              <path\n                d=\"M20 10c0 6-8 12-8 12s-8-6-8-12a8 8 0 0 1 16 0Z\"\n              />\n              <circle\n                cx=\"12\"\n                cy=\"10\"\n                r=\"3\"\n              />\n            </svg>\n            <span\n              class=\"text-sm font-medium\"\n            >\n              Localização\n            </span>\n          </div>\n          <span\n            class=\"text-sm text-muted-foreground\"\n          >\n            Avenida Atlântica - Copacabana\n          </span>\n        </div>\n        <div\n          class=\"grid grid-cols-2 gap-4\"\n        >\n          <div\n            class=\"flex flex-col space-y-1\"\n          >\n            <span\n              class=\"text-sm font-medium\"\n            >\n              Latitude\n            </span>\n            <span\n              class=\"break-all text-sm text-muted-foreground\"\n            >\n              -22.9068\n            </span>\n          </div>\n          <div\n            class=\"flex flex-col space-y-1\"\n          >\n            <span\n              class=\"text-sm font-medium\"\n            >\n              Longitude\n            </span>\n            <span\n              class=\"break-all text-sm text-muted-foreground\"\n            >\n              -43.1729\n            </span>\n          </div>\n        </div>\n        <div\n          class=\"flex flex-col space-y-1\"\n        >\n          <div\n            class=\"flex items-center gap-1\"\n          >\n            <svg\n              class=\"lucide lucide-building size-4 shrink-0\"\n              fill=\"none\"\n              height=\"24\"\n              stroke=\"currentColor\"\n              stroke-linecap=\"round\"\n              stroke-linejoin=\"round\"\n              stroke-width=\"2\"\n              viewBox=\"0 0 24 24\"\n              width=\"24\"\n              xmlns=\"http://www.w3.org/2000/svg\"\n            >\n              <rect\n                height=\"20\"\n                rx=\"2\"\n                ry=\"2\"\n                width=\"16\"\n                x=\"4\"\n                y=\"2\"\n              />\n              <path\n                d=\"M9 22v-4h6v4\"\n              />\n              <path\n                d=\"M8 6h.01\"\n              />\n              <path\n                d=\"M16 6h.01\"\n              />\n              <path\n                d=\"M12 6h.01\"\n              />\n              <path\n                d=\"M12 10h.01\"\n              />\n              <path\n                d=\"M12 14h.01\"\n              />\n              <path\n                d=\"M16 10h.01\"\n              />\n              <path\n                d=\"M16 14h.01\"\n              />\n              <path\n                d=\"M8 10h.01\"\n              />\n              <path\n                d=\"M8 14h.01\"\n              />\n            </svg>\n            <span\n              class=\"text-sm font-medium\"\n            >\n              Empresa\n            </span>\n          </div>\n          <span\n            class=\"text-sm text-muted-foreground\"\n          >\n            TECHNO RADARES\n          </span>\n        </div>\n        <div\n          class=\"flex flex-col space-y-1\"\n        >\n          <div\n            class=\"flex items-center gap-1\"\n          >\n            <svg\n              class=\"lucide lucide-history size-4 shrink-0\"\n              fill=\"none\"\n              height=\"24\"\n              stroke=\"currentColor\"\n              stroke-linecap=\"round\"\n              stroke-linejoin=\"round\"\n              stroke-width=\"2\"\n              viewBox=\"0 0 24 24\"\n              width=\"24\"\n              xmlns=\"http://www.w3.org/2000/svg\"\n            >\n              <path\n                d=\"M3 12a9 9 0 1 0 9-9 9.75 9.75 0 0 0-6.74 2.74L3 8\"\n              />\n              <path\n                d=\"M3 3v5h5\"\n              />\n              <path\n                d=\"M12 7v5l4 2\"\n              />\n            </svg>\n            <span\n              class=\"text-sm font-medium\"\n            >\n              Última detecção\n            </span>\n          </div>\n          <span\n            class=\"text-sm text-muted-foreground\"\n          >\n            01/12/2024 às 10:30:00\n          </span>\n        </div>\n        <div\n          class=\"flex flex-col space-y-1\"\n        >\n          <span\n            class=\"text-sm font-medium\"\n          >\n            Ativo nas últimas 24 horas\n          </span>\n          <span\n            class=\"text-sm text-rose-600\"\n          >\n            Não\n          </span>\n        </div>\n        <div\n          class=\"border-l-4 border-yellow-600 bg-secondary p-1.5\"\n        >\n          <div\n            class=\"flex items-start\"\n          >\n            <svg\n              class=\"lucide lucide-triangle-alert mr-1.5 mt-0.5 h-4 w-4 text-yellow-400\"\n              fill=\"none\"\n              height=\"24\"\n              stroke=\"currentColor\"\n              stroke-linecap=\"round\"\n              stroke-linejoin=\"round\"\n              stroke-width=\"2\"\n              viewBox=\"0 0 24 24\"\n              width=\"24\"\n              xmlns=\"http://www.w3.org/2000/svg\"\n            >\n              <path\n                d=\"m21.73 18-8-14a2 2 0 0 0-3.48 0l-8 14A2 2 0 0 0 4 21h16a2 2 0 0 0 1.73-3\"\n              />\n              <path\n                d=\"M12 9v4\"\n              />\n              <path\n                d=\"M12 17h.01\"\n              />\n            </svg>\n            <p\n              class=\"text-xs text-gray-300\"\n            >\n              <span\n                class=\"font-bold text-yellow-400\"\n              >\n                Atenção!\n              </span>\n               \n              Equipamentos LPR são considerados inativos se não enviarem dados há mais de 24 horas. No entanto, essa informação não é atualizada em tempo real e pode seguir desatualizada por várias horas.\n            </p>\n          </div>\n        </div>\n        <div\n          class=\"flex gap-2 pt-2\"\n        >\n          <button\n            class=\"inline-flex items-center justify-center whitespace-nowrap text-sm font-medium ring-offset-background transition-colors focus-visible:outline-none focus-visible:ring-2 focus-visible:ring-ring focus-visible:ring-offset-2 disabled:pointer-events-none disabled:opacity-50 border border-input bg-background hover:bg-accent hover:text-accent-foreground h-9 rounded-md px-3 flex-1\"\n          >\n            <svg\n              class=\"lucide lucide-map-pin mr-2 h-4 w-4\"\n              fill=\"none\"\n              height=\"24\"\n              stroke=\"currentColor\"\n              stroke-linecap=\"round\"\n              stroke-linejoin=\"round\"\n              stroke-width=\"2\"\n              viewBox=\"0 0 24 24\"\n              width=\"24\"\n              xmlns=\"http://www.w3.org/2000/svg\"\n            >\n              <path\n                d=\"M20 10c0 6-8 12-8 12s-8-6-8-12a8 8 0 0 1 16 0Z\"\n              />\n              <circle\n                cx=\"12\"\n                cy=\"10\"\n                r=\"3\"\n              />\n            </svg>\n            Focar no Equipamento\n          </button>\n          <button\n            class=\"inline-flex items-center justify-center whitespace-nowrap text-sm font-medium ring-offset-background transition-colors focus-visible:outline-none focus-visible:ring-2 focus-visible:ring-ring focus-visible:ring-offset-2 disabled:pointer-events-none disabled:opacity-50 border border-input bg-background hover:bg-accent hover:text-accent-foreground h-9 rounded-md px-3\"\n            title=\"Voltar ao zoom anterior\"\n          >\n            <svg\n              class=\"lucide lucide-rotate-ccw h-4 w-4\"\n              fill=\"none\"\n              height=\"24\"\n              stroke=\"currentColor\"\n              stroke-linecap=\"round\"\n              stroke-linejoin=\"round\"\n              stroke-width=\"2\"\n              viewBox=\"0 0 24 24\"\n              width=\"24\"\n              xmlns=\"http://www.w3.org/2000/svg\"\n            >\n              <path\n                d=\"M3 12a9 9 0 1 0 9-9 9.75 9.75 0 0 0-6.74 2.74L3 8\"\n              />\n              <path\n                d=\"M3 3v5h5\"\n              />\n            </svg>\n          </button>\n        </div>\n      </div>\n    </div>\n  </div>\n</div>","expected":"<div\n  class=\"rounded-lg border bg-card text-card-foreground shadow-sm absolute left-2 top-2 w-[400px] tracking-tighter\"\n>\n  <div\n    class=\"relative\"\n  >\n    <button\n      class=\"inline-flex items-center justify-center whitespace-nowrap rounded-md text-sm font-medium ring-offset-background transition-colors focus-visible:outline-none focus-visible:ring-2 focus-visible:ring-ring focus-visible:ring-offset-2 disabled:pointer-events-none disabled:opacity-50 border border-input bg-background hover:bg-accent hover:text-accent-foreground absolute right-1 top-1 h-5 w-5 p-0\"\n    >\n      <svg\n        class=\"lucide lucide-x h-4 w-4\"\n        fill=\"none\"\n        height=\"24\"\n        stroke=\"currentColor\"\n        stroke-linecap=\"round\"\n        stroke-linejoin=\"round\"\n        stroke-width=\"2\"\n        viewBox=\"0 0 24 24\"\n        width=\"24\"\n        xmlns=\"http://www.w3.org/2000/svg\"\n      >\n        <path\n          d=\"M18 6 6 18\"\n        />\n        <path\n          d=\"m6 6 12 12\"\n        />\n      </svg>\n    </button>\n    <div\n      class=\"flex flex-col space-y-1.5 p-6 border-b px-4 py-3\"\n    >\n      <h3\n        class=\"text-left text-sm font-semibold tracking-tighter\"\n      >\n        Radar OCR\n      </h3>\n    </div>\n    <div\n      class=\"p-6 px-4 py-3\"\n    >\n      <div\n        class=\"space-y-3 text-sm\"\n      >\n        <div\n          class=\"flex flex-col space-y-1\"\n        >\n          <span\n            class=\"text-sm font-medium\"\n          >\n            Código CET-Rio\n          </span>\n          <span\n            class=\"break-all text-sm text-muted-foreground\"\n          >\n            123456\n          </span>\n        </div>\n        <div\n          class=\"flex flex-col space-y-1\"\n        >\n          <div\n            class=\"flex items-center gap-1\"\n          >\n            <svg\n              class=\"lucide lucide-map-pin size-4 shrink-0\"\n              fill=\"none\"\n              height=\"24\"\n              stroke=\"currentColor\"\n              stroke-linecap=\"round\"\n              stroke-linejoin=\"round\"\n              stroke-width=\"2\"\n              viewBox=\"0 0 24 24\"\n              width=\"24\"\n              xmlns=\"http://www.w3.org/2000/svg\"\n            >\n              <path\n                d=\"M20 10c0 6-8 12-8 12s-8-6-8-12a8 8 0 0 1 16 0Z\"\n              />\n              <circle\n                cx=\"12\"\n                cy=\"10\"\n                r=\"3\"\n              />\n            </svg>\n            <span\n              class=\"text-sm font-medium\"\n            >\n              Localização\n            </span>\n          </div>\n          <span\n            class=\"text-sm text-muted-foreground\"\n          >\n            Avenida Atlântica - Copacabana\n          </span>\n        </div>\n        <div\n          class=\"grid grid-cols-2 gap-4\"\n        >\n          <div\n            class=\"flex flex-col space-y-1\"\n          >\n            <span\n              class=\"text-sm font-medium\"\n            >\n              Latitude\n            </span>\n            <span\n              class=\"break-all text-sm text-muted-foreground\"\n            >\n              -22.9068\n            </span>\n          </div>\n          <div\n            class=\"flex flex-col space-y-1\"\n          >\n            <span\n              class=\"text-sm font-medium\"\n            >\n              Longitude\n            </span>\n            <span\n              class=\"break-all text-sm text-muted-foreground\"\n            >\n              -43.1729\n            </span>\n          </div>\n        </div>\n        <div\n          class=\"flex flex-col space-y-1\"\n        >\n          <div\n            class=\"flex items-center gap-1\"\n          >\n            <svg\n              class=\"lucide lucide-building size-4 shrink-0\"\n              fill=\"none\"\n              height=\"24\"\n              stroke=\"currentColor\"\n              stroke-linecap=\"round\"\n              stroke-linejoin=\"round\"\n              stroke-width=\"2\"\n              viewBox=\"0 0 24 24\"\n              width=\"24\"\n              xmlns=\"http://www.w3.org/2000/svg\"\n            >\n              <rect\n                height=\"20\"\n                rx=\"2\"\n                ry=\"2\"\n                width=\"16\"\n                x=\"4\"\n                y=\"2\"\n              />\n              <path\n                d=\"M9 22v-4h6v4\"\n              />\n              <path\n                d=\"M8 6h.01\"\n              />\n              <path\n                d=\"M16 6h.01\"\n              />\n              <path\n                d=\"M12 6h.01\"\n              />\n              <path\n                d=\"M12 10h.01\"\n              />\n              <path\n                d=\"M12 14h.01\"\n              />\n              <path\n                d=\"M16 10h.01\"\n              />\n              <path\n                d=\"M16 14h.01\"\n              />\n              <path\n                d=\"M8 10h.01\"\n              />\n              <path\n                d=\"M8 14h.01\"\n              />\n            </svg>\n            <span\n              class=\"text-sm font-medium\"\n            >\n              Empresa\n            </span>\n          </div>\n          <span\n            class=\"text-sm text-muted-foreground\"\n          >\n            TECHNO RADARES\n          </span>\n        </div>\n        <div\n          class=\"flex flex-col space-y-1\"\n        >\n          <div\n            class=\"flex items-center gap-1\"\n          >\n            <svg\n              class=\"lucide lucide-history size-4 shrink-0\"\n              fill=\"none\"\n              height=\"24\"\n              stroke=\"currentColor\"\n              stroke-linecap=\"round\"\n              stroke-linejoin=\"round\"\n              stroke-width=\"2\"\n              viewBox=\"0 0 24 24\"\n              width=\"24\"\n              xmlns=\"http://www.w3.org/2000/svg\"\n            >\n              <path\n                d=\"M3 12a9 9 0 1 0 9-9 9.75 9.75 0 0 0-6.74 2.74L3 8\"\n              />\n              <path\n                d=\"M3 3v5h5\"\n              />\n              <path\n                d=\"M12 7v5l4 2\"\n              />\n            </svg>\n            <span\n              class=\"text-sm font-medium\"\n            >\n              Última detecção\n            </span>\n          </div>\n          <span\n            class=\"text-sm text-muted-foreground\"\n          >\n            01/12/2024 às 10:30:00\n          </span>\n        </div>\n        <div\n          class=\"flex flex-col space-y-1\"\n        >\n          <span\n            class=\"text-sm font-medium\"\n          >\n            Ativo nas últimas 24 horas\n          </span>\n          <span\n            class=\"text-sm text-rose-600\"\n          >\n            Não\n          </span>\n        </div>\n        <div\n          class=\"border-l-4 border-yellow-600 bg-secondary p-1.5\"\n        >\n          <div\n            class=\"flex items-start\"\n          >\n            <svg\n              class=\"lucide lucide-triangle-alert mr-1.5 mt-0.5 h-4 w-4 text-yellow-400\"\n              fill=\"none\"\n              height=\"24\"\n              stroke=\"currentColor\"\n              stroke-linecap=\"round\"\n              stroke-linejoin=\"round\"\n              stroke-width=\"2\"\n              viewBox=\"0 0 24 24\"\n              width=\"24\"\n              xmlns=\"http://www.w3.org/2000/svg\"\n            >\n              <path\n                d=\"m21.73 18-8-14a2 2 0 0 0-3.48 0l-8 14A2 2 0 0 0 4 21h16a2 2 0 0 0 1.73-3\"\n              />\n              <path\n                d=\"M12 9v4\"\n              />\n              <path\n                d=\"M12 17h.01\"\n              />\n            </svg>\n            <p\n              class=\"text-xs text-gray-300\"\n            >\n              <span\n                class=\"font-bold text-yellow-400\"\n              >\n                Atenção!\n              </span>\n               \n              Radares são considerados inativos se não enviarem dados há mais de 24 horas. No entanto, essa informação não é atualizada em tempo real e pode seguir desatualizada por várias horas.\n            </p>\n          </div>\n        </div>\n        <div\n          class=\"flex gap-2 pt-2\"\n        >\n          <button\n            class=\"inline-flex items-center justify-center whitespace-nowrap text-sm font-medium ring-offset-background transition-colors focus-visible:outline-none focus-visible:ring-2 focus-visible:ring-ring focus-visible:ring-offset-2 disabled:pointer-events-none disabled:opacity-50 border border-input bg-background hover:bg-accent hover:text-accent-foreground h-9 rounded-md px-3 flex-1\"\n          >\n            <svg\n              class=\"lucide lucide-map-pin mr-2 h-4 w-4\"\n              fill=\"none\"\n              height=\"24\"\n              stroke=\"currentColor\"\n              stroke-linecap=\"round\"\n              stroke-linejoin=\"round\"\n              stroke-width=\"2\"\n              viewBox=\"0 0 24 24\"\n              width=\"24\"\n              xmlns=\"http://www.w3.org/2000/svg\"\n            >\n              <path\n                d=\"M20 10c0 6-8 12-8 12s-8-6-8-12a8 8 0 0 1 16 0Z\"\n              />\n              <circle\n                cx=\"12\"\n                cy=\"10\"\n                r=\"3\"\n              />\n            </svg>\n            Focar no Radar\n          </button>\n          <button\n            class=\"inline-flex items-center justify-center whitespace-nowrap text-sm font-medium ring-offset-background transition-colors focus-visible:outline-none focus-visible:ring-2 focus-visible:ring-ring focus-visible:ring-offset-2 disabled:pointer-events-none disabled:opacity-50 border border-input bg-background hover:bg-accent hover:text-accent-foreground h-9 rounded-md px-3\"\n            title=\"Voltar ao zoom anterior\"\n          >\n            <svg\n              class=\"lucide lucide-rotate-ccw h-4 w-4\"\n              fill=\"none\"\n              height=\"24\"\n              stroke=\"currentColor\"\n              stroke-linecap=\"round\"\n              stroke-linejoin=\"round\"\n              stroke-width=\"2\"\n              viewBox=\"0 0 24 24\"\n              width=\"24\"\n              xmlns=\"http://www.w3.org/2000/svg\"\n            >\n              <path\n                d=\"M3 12a9 9 0 1 0 9-9 9.75 9.75 0 0 0-6.74 2.74L3 8\"\n              />\n              <path\n                d=\"M3 3v5h5\"\n              />\n            </svg>\n          </button>\n        </div>\n      </div>\n    </div>\n  </div>\n</div>","message":"expect(received).toMatchSnapshot(hint)\n\nSnapshot name: `Select Cards Layout Snapshots RadarSelectCard Layout deve manter o layout compacto do radar card com radar inativo: radar-card-inativo 1`\n\n- Snapshot  - 4\n+ Received  + 4\n\n@@ -31,11 +31,11 @@\n        class=\"flex flex-col space-y-1.5 p-6 border-b px-4 py-3\"\n      >\n        <h3\n          class=\"text-left text-sm font-semibold tracking-tighter\"\n        >\n-         Radar OCR\n+         Informações do Equipamento\n        </h3>\n      </div>\n      <div\n        class=\"p-6 px-4 py-3\"\n      >\n@@ -46,11 +46,11 @@\n            class=\"flex flex-col space-y-1\"\n          >\n            <span\n              class=\"text-sm font-medium\"\n            >\n-             Código CET-Rio\n+             Código do Equipamento\n            </span>\n            <span\n              class=\"break-all text-sm text-muted-foreground\"\n            >\n              123456\n@@ -285,11 +285,11 @@\n                  class=\"font-bold text-yellow-400\"\n                >\n                  Atenção!\n                </span>\n                 \n-               Radares são considerados inativos se não enviarem dados há mais de 24 horas. No entanto, essa informação não é atualizada em tempo real e pode seguir desatualizada por várias horas.\n+               Equipamentos LPR são considerados inativos se não enviarem dados há mais de 24 horas. No entanto, essa informação não é atualizada em tempo real e pode seguir desatualizada por várias horas.\n              </p>\n            </div>\n          </div>\n          <div\n            class=\"flex gap-2 pt-2\"\n@@ -316,11 +316,11 @@\n                  cx=\"12\"\n                  cy=\"10\"\n                  r=\"3\"\n                />\n              </svg>\n-             Focar no Radar\n+             Focar no Equipamento\n            </button>\n            <button\n              class=\"inline-flex items-center justify-center whitespace-nowrap text-sm font-medium ring-offset-background transition-colors focus-visible:outline-none focus-visible:ring-2 focus-visible:ring-ring focus-visible:ring-offset-2 disabled:pointer-events-none disabled:opacity-50 border border-input bg-background hover:bg-accent hover:text-accent-foreground h-9 rounded-md px-3\"\n              title=\"Voltar ao zoom anterior\"\n            >","name":"toMatchSnapshot","pass":false}}],"failureMessages":["Error: expect(received).toMatchSnapshot(hint)\n\nSnapshot name: `Select Cards Layout Snapshots RadarSelectCard Layout deve manter o layout compacto do radar card com radar inativo: radar-card-inativo 1`\n\n- Snapshot  - 4\n+ Received  + 4\n\n@@ -31,11 +31,11 @@\n        class=\"flex flex-col space-y-1.5 p-6 border-b px-4 py-3\"\n      >\n        <h3\n          class=\"text-left text-sm font-semibold tracking-tighter\"\n        >\n-         Radar OCR\n+         Informações do Equipamento\n        </h3>\n      </div>\n      <div\n        class=\"p-6 px-4 py-3\"\n      >\n@@ -46,11 +46,11 @@\n            class=\"flex flex-col space-y-1\"\n          >\n            <span\n              class=\"text-sm font-medium\"\n            >\n-             Código CET-Rio\n+             Código do Equipamento\n            </span>\n            <span\n              class=\"break-all text-sm text-muted-foreground\"\n            >\n              123456\n@@ -285,11 +285,11 @@\n                  class=\"font-bold text-yellow-400\"\n                >\n                  Atenção!\n                </span>\n                 \n-               Radares são considerados inativos se não enviarem dados há mais de 24 horas. No entanto, essa informação não é atualizada em tempo real e pode seguir desatualizada por várias horas.\n+               Equipamentos LPR são considerados inativos se não enviarem dados há mais de 24 horas. No entanto, essa informação não é atualizada em tempo real e pode seguir desatualizada por várias horas.\n              </p>\n            </div>\n          </div>\n          <div\n            class=\"flex gap-2 pt-2\"\n@@ -316,11 +316,11 @@\n                  cx=\"12\"\n                  cy=\"10\"\n                  r=\"3\"\n                />\n              </svg>\n-             Focar no Radar\n+             Focar no Equipamento\n            </button>\n            <button\n              class=\"inline-flex items-center justify-center whitespace-nowrap text-sm font-medium ring-offset-background transition-colors focus-visible:outline-none focus-visible:ring-2 focus-visible:ring-ring focus-visible:ring-offset-2 disabled:pointer-events-none disabled:opacity-50 border border-input bg-background hover:bg-accent hover:text-accent-foreground h-9 rounded-md px-3\"\n              title=\"Voltar ao zoom anterior\"\n            >\n    at Object.toMatchSnapshot (/home/nicolas/dev/civitas-app/src/__tests__/components/map/select-cards-layout.test.tsx:91:36)\n    at Promise.finally.completed (/home/nicolas/dev/civitas-app/node_modules/.pnpm/jest-circus@30.1.1/node_modules/jest-circus/build/jestAdapterInit.js:1556:28)\n    at new Promise (<anonymous>)\n    at callAsyncCircusFn (/home/nicolas/dev/civitas-app/node_modules/.pnpm/jest-circus@30.1.1/node_modules/jest-circus/build/jestAdapterInit.js:1496:10)\n    at _callCircusTest (/home/nicolas/dev/civitas-app/node_modules/.pnpm/jest-circus@30.1.1/node_modules/jest-circus/build/jestAdapterInit.js:1006:40)\n    at processTicksAndRejections (node:internal/process/task_queues:105:5)\n    at _runTest (/home/nicolas/dev/civitas-app/node_modules/.pnpm/jest-circus@30.1.1/node_modules/jest-circus/build/jestAdapterInit.js:946:3)\n    at _runTestsForDescribeBlock (/home/nicolas/dev/civitas-app/node_modules/.pnpm/jest-circus@30.1.1/node_modules/jest-circus/build/jestAdapterInit.js:839:13)\n    at _runTestsForDescribeBlock (/home/nicolas/dev/civitas-app/node_modules/.pnpm/jest-circus@30.1.1/node_modules/jest-circus/build/jestAdapterInit.js:829:11)\n    at _runTestsForDescribeBlock (/home/nicolas/dev/civitas-app/node_modules/.pnpm/jest-circus@30.1.1/node_modules/jest-circus/build/jestAdapterInit.js:829:11)\n    at run (/home/nicolas/dev/civitas-app/node_modules/.pnpm/jest-circus@30.1.1/node_modules/jest-circus/build/jestAdapterInit.js:757:3)\n    at runAndTransformResultsToJestFormat (/home/nicolas/dev/civitas-app/node_modules/.pnpm/jest-circus@30.1.1/node_modules/jest-circus/build/jestAdapterInit.js:1917:21)\n    at jestAdapter (/home/nicolas/dev/civitas-app/node_modules/.pnpm/jest-circus@30.1.1/node_modules/jest-circus/build/runner.js:101:19)\n    at runTestInternal (/home/nicolas/dev/civitas-app/node_modules/.pnpm/jest-runner@30.1.1/node_modules/jest-runner/build/testWorker.js:275:16)\n    at runTest (/home/nicolas/dev/civitas-app/node_modules/.pnpm/jest-runner@30.1.1/node_modules/jest-runner/build/testWorker.js:343:7)\n    at Object.worker (/home/nicolas/dev/civitas-app/node_modules/.pnpm/jest-runner@30.1.1/node_modules/jest-runner/build/testWorker.js:497:12)"],"fullName":"Select Cards Layout Snapshots RadarSelectCard Layout deve manter o layout compacto do radar card com radar inativo","invocations":1,"location":null,"numPassingAsserts":0,"retryReasons":[],"startAt":1774453633708,"status":"failed","title":"deve manter o layout compacto do radar card com radar inativo"},{"ancestorTitles":["Select Cards Layout Snapshots","RadarSelectCard Layout"],"duration":6,"failing":false,"failureDetails":[{"matcherResult":{"actual":"<div\n  class=\"rounded-lg border bg-card text-card-foreground shadow-sm absolute left-2 top-2 w-[400px] tracking-tighter hidden\"\n>\n  <div\n    class=\"relative\"\n  >\n    <button\n      class=\"inline-flex items-center justify-center whitespace-nowrap rounded-md text-sm font-medium ring-offset-background transition-colors focus-visible:outline-none focus-visible:ring-2 focus-visible:ring-ring focus-visible:ring-offset-2 disabled:pointer-events-none disabled:opacity-50 border border-input bg-background hover:bg-accent hover:text-accent-foreground absolute right-1 top-1 h-5 w-5 p-0\"\n    >\n      <svg\n        class=\"lucide lucide-x h-4 w-4\"\n        fill=\"none\"\n        height=\"24\"\n        stroke=\"currentColor\"\n        stroke-linecap=\"round\"\n        stroke-linejoin=\"round\"\n        stroke-width=\"2\"\n        viewBox=\"0 0 24 24\"\n        width=\"24\"\n        xmlns=\"http://www.w3.org/2000/svg\"\n      >\n        <path\n          d=\"M18 6 6 18\"\n        />\n        <path\n          d=\"m6 6 12 12\"\n        />\n      </svg>\n    </button>\n    <div\n      class=\"flex flex-col space-y-1.5 p-6 border-b px-4 py-3\"\n    >\n      <h3\n        class=\"text-left text-sm font-semibold tracking-tighter\"\n      >\n        Informações do Equipamento\n      </h3>\n    </div>\n    <div\n      class=\"p-6 px-4 py-3\"\n    >\n      <div\n        class=\"space-y-3 text-sm\"\n      >\n        <div\n          class=\"flex flex-col space-y-1\"\n        >\n          <span\n            class=\"text-sm font-medium\"\n          >\n            Código do Equipamento\n          </span>\n          <span\n            class=\"break-all text-sm text-muted-foreground\"\n          />\n        </div>\n        <div\n          class=\"flex flex-col space-y-1\"\n        >\n          <div\n            class=\"flex items-center gap-1\"\n          >\n            <svg\n              class=\"lucide lucide-map-pin size-4 shrink-0\"\n              fill=\"none\"\n              height=\"24\"\n              stroke=\"currentColor\"\n              stroke-linecap=\"round\"\n              stroke-linejoin=\"round\"\n              stroke-width=\"2\"\n              viewBox=\"0 0 24 24\"\n              width=\"24\"\n              xmlns=\"http://www.w3.org/2000/svg\"\n            >\n              <path\n                d=\"M20 10c0 6-8 12-8 12s-8-6-8-12a8 8 0 0 1 16 0Z\"\n              />\n              <circle\n                cx=\"12\"\n                cy=\"10\"\n                r=\"3\"\n              />\n            </svg>\n            <span\n              class=\"text-sm font-medium\"\n            >\n              Localização\n            </span>\n          </div>\n          <span\n            class=\"text-sm text-muted-foreground\"\n          >\n            undefined - undefined\n          </span>\n        </div>\n        <div\n          class=\"grid grid-cols-2 gap-4\"\n        >\n          <div\n            class=\"flex flex-col space-y-1\"\n          >\n            <span\n              class=\"text-sm font-medium\"\n            >\n              Latitude\n            </span>\n            <span\n              class=\"break-all text-sm text-muted-foreground\"\n            />\n          </div>\n          <div\n            class=\"flex flex-col space-y-1\"\n          >\n            <span\n              class=\"text-sm font-medium\"\n            >\n              Longitude\n            </span>\n            <span\n              class=\"break-all text-sm text-muted-foreground\"\n            />\n          </div>\n        </div>\n        <div\n          class=\"flex flex-col space-y-1\"\n        >\n          <div\n            class=\"flex items-center gap-1\"\n          >\n            <svg\n              class=\"lucide lucide-building size-4 shrink-0\"\n              fill=\"none\"\n              height=\"24\"\n              stroke=\"currentColor\"\n              stroke-linecap=\"round\"\n              stroke-linejoin=\"round\"\n              stroke-width=\"2\"\n              viewBox=\"0 0 24 24\"\n              width=\"24\"\n              xmlns=\"http://www.w3.org/2000/svg\"\n            >\n              <rect\n                height=\"20\"\n                rx=\"2\"\n                ry=\"2\"\n                width=\"16\"\n                x=\"4\"\n                y=\"2\"\n              />\n              <path\n                d=\"M9 22v-4h6v4\"\n              />\n              <path\n                d=\"M8 6h.01\"\n              />\n              <path\n                d=\"M16 6h.01\"\n              />\n              <path\n                d=\"M12 6h.01\"\n              />\n              <path\n                d=\"M12 10h.01\"\n              />\n              <path\n                d=\"M12 14h.01\"\n              />\n              <path\n                d=\"M16 10h.01\"\n              />\n              <path\n                d=\"M16 14h.01\"\n              />\n              <path\n                d=\"M8 10h.01\"\n              />\n              <path\n                d=\"M8 14h.01\"\n              />\n            </svg>\n            <span\n              class=\"text-sm font-medium\"\n            >\n              Empresa\n            </span>\n          </div>\n          <span\n            class=\"text-sm text-muted-foreground\"\n          />\n        </div>\n        <div\n          class=\"border-l-4 border-yellow-600 bg-secondary p-1.5\"\n        >\n          <div\n            class=\"flex items-start\"\n          >\n            <svg\n              class=\"lucide lucide-triangle-alert mr-1.5 mt-0.5 h-4 w-4 text-yellow-400\"\n              fill=\"none\"\n              height=\"24\"\n              stroke=\"currentColor\"\n              stroke-linecap=\"round\"\n              stroke-linejoin=\"round\"\n              stroke-width=\"2\"\n              viewBox=\"0 0 24 24\"\n              width=\"24\"\n              xmlns=\"http://www.w3.org/2000/svg\"\n            >\n              <path\n                d=\"m21.73 18-8-14a2 2 0 0 0-3.48 0l-8 14A2 2 0 0 0 4 21h16a2 2 0 0 0 1.73-3\"\n              />\n              <path\n                d=\"M12 9v4\"\n              />\n              <path\n                d=\"M12 17h.01\"\n              />\n            </svg>\n            <p\n              class=\"text-xs text-gray-300\"\n            >\n              <span\n                class=\"font-bold text-yellow-400\"\n              >\n                Atenção!\n              </span>\n               \n              Equipamentos LPR são considerados inativos se não enviarem dados há mais de 24 horas. No entanto, essa informação não é atualizada em tempo real e pode seguir desatualizada por várias horas.\n            </p>\n          </div>\n        </div>\n        <div\n          class=\"flex gap-2 pt-2\"\n        >\n          <button\n            class=\"inline-flex items-center justify-center whitespace-nowrap text-sm font-medium ring-offset-background transition-colors focus-visible:outline-none focus-visible:ring-2 focus-visible:ring-ring focus-visible:ring-offset-2 disabled:pointer-events-none disabled:opacity-50 border border-input bg-background hover:bg-accent hover:text-accent-foreground h-9 rounded-md px-3 flex-1\"\n          >\n            <svg\n              class=\"lucide lucide-map-pin mr-2 h-4 w-4\"\n              fill=\"none\"\n              height=\"24\"\n              stroke=\"currentColor\"\n              stroke-linecap=\"round\"\n              stroke-linejoin=\"round\"\n              stroke-width=\"2\"\n              viewBox=\"0 0 24 24\"\n              width=\"24\"\n              xmlns=\"http://www.w3.org/2000/svg\"\n            >\n              <path\n                d=\"M20 10c0 6-8 12-8 12s-8-6-8-12a8 8 0 0 1 16 0Z\"\n              />\n              <circle\n                cx=\"12\"\n                cy=\"10\"\n                r=\"3\"\n              />\n            </svg>\n            Focar no Equipamento\n          </button>\n          <button\n            class=\"inline-flex items-center justify-center whitespace-nowrap text-sm font-medium ring-offset-background transition-colors focus-visible:outline-none focus-visible:ring-2 focus-visible:ring-ring focus-visible:ring-offset-2 disabled:pointer-events-none disabled:opacity-50 border border-input bg-background hover:bg-accent hover:text-accent-foreground h-9 rounded-md px-3\"\n            title=\"Voltar ao zoom anterior\"\n          >\n            <svg\n              class=\"lucide lucide-rotate-ccw h-4 w-4\"\n              fill=\"none\"\n              height=\"24\"\n              stroke=\"currentColor\"\n              stroke-linecap=\"round\"\n              stroke-linejoin=\"round\"\n              stroke-width=\"2\"\n              viewBox=\"0 0 24 24\"\n              width=\"24\"\n              xmlns=\"http://www.w3.org/2000/svg\"\n            >\n              <path\n                d=\"M3 12a9 9 0 1 0 9-9 9.75 9.75 0 0 0-6.74 2.74L3 8\"\n              />\n              <path\n                d=\"M3 3v5h5\"\n              />\n            </svg>\n          </button>\n        </div>\n      </div>\n    </div>\n  </div>\n</div>","expected":"<div\n  class=\"rounded-lg border bg-card text-card-foreground shadow-sm absolute left-2 top-2 w-[400px] tracking-tighter hidden\"\n>\n  <div\n    class=\"relative\"\n  >\n    <button\n      class=\"inline-flex items-center justify-center whitespace-nowrap rounded-md text-sm font-medium ring-offset-background transition-colors focus-visible:outline-none focus-visible:ring-2 focus-visible:ring-ring focus-visible:ring-offset-2 disabled:pointer-events-none disabled:opacity-50 border border-input bg-background hover:bg-accent hover:text-accent-foreground absolute right-1 top-1 h-5 w-5 p-0\"\n    >\n      <svg\n        class=\"lucide lucide-x h-4 w-4\"\n        fill=\"none\"\n        height=\"24\"\n        stroke=\"currentColor\"\n        stroke-linecap=\"round\"\n        stroke-linejoin=\"round\"\n        stroke-width=\"2\"\n        viewBox=\"0 0 24 24\"\n        width=\"24\"\n        xmlns=\"http://www.w3.org/2000/svg\"\n      >\n        <path\n          d=\"M18 6 6 18\"\n        />\n        <path\n          d=\"m6 6 12 12\"\n        />\n      </svg>\n    </button>\n    <div\n      class=\"flex flex-col space-y-1.5 p-6 border-b px-4 py-3\"\n    >\n      <h3\n        class=\"text-left text-sm font-semibold tracking-tighter\"\n      >\n        Radar OCR\n      </h3>\n    </div>\n    <div\n      class=\"p-6 px-4 py-3\"\n    >\n      <div\n        class=\"space-y-3 text-sm\"\n      >\n        <div\n          class=\"flex flex-col space-y-1\"\n        >\n          <span\n            class=\"text-sm font-medium\"\n          >\n            Código CET-Rio\n          </span>\n          <span\n            class=\"break-all text-sm text-muted-foreground\"\n          />\n        </div>\n        <div\n          class=\"flex flex-col space-y-1\"\n        >\n          <div\n            class=\"flex items-center gap-1\"\n          >\n            <svg\n              class=\"lucide lucide-map-pin size-4 shrink-0\"\n              fill=\"none\"\n              height=\"24\"\n              stroke=\"currentColor\"\n              stroke-linecap=\"round\"\n              stroke-linejoin=\"round\"\n              stroke-width=\"2\"\n              viewBox=\"0 0 24 24\"\n              width=\"24\"\n              xmlns=\"http://www.w3.org/2000/svg\"\n            >\n              <path\n                d=\"M20 10c0 6-8 12-8 12s-8-6-8-12a8 8 0 0 1 16 0Z\"\n              />\n              <circle\n                cx=\"12\"\n                cy=\"10\"\n                r=\"3\"\n              />\n            </svg>\n            <span\n              class=\"text-sm font-medium\"\n            >\n              Localização\n            </span>\n          </div>\n          <span\n            class=\"text-sm text-muted-foreground\"\n          >\n            undefined - undefined\n          </span>\n        </div>\n        <div\n          class=\"grid grid-cols-2 gap-4\"\n        >\n          <div\n            class=\"flex flex-col space-y-1\"\n          >\n            <span\n              class=\"text-sm font-medium\"\n            >\n              Latitude\n            </span>\n            <span\n              class=\"break-all text-sm text-muted-foreground\"\n            />\n          </div>\n          <div\n            class=\"flex flex-col space-y-1\"\n          >\n            <span\n              class=\"text-sm font-medium\"\n            >\n              Longitude\n            </span>\n            <span\n              class=\"break-all text-sm text-muted-foreground\"\n            />\n          </div>\n        </div>\n        <div\n          class=\"flex flex-col space-y-1\"\n        >\n          <div\n            class=\"flex items-center gap-1\"\n          >\n            <svg\n              class=\"lucide lucide-building size-4 shrink-0\"\n              fill=\"none\"\n              height=\"24\"\n              stroke=\"currentColor\"\n              stroke-linecap=\"round\"\n              stroke-linejoin=\"round\"\n              stroke-width=\"2\"\n              viewBox=\"0 0 24 24\"\n              width=\"24\"\n              xmlns=\"http://www.w3.org/2000/svg\"\n            >\n              <rect\n                height=\"20\"\n                rx=\"2\"\n                ry=\"2\"\n                width=\"16\"\n                x=\"4\"\n                y=\"2\"\n              />\n              <path\n                d=\"M9 22v-4h6v4\"\n              />\n              <path\n                d=\"M8 6h.01\"\n              />\n              <path\n                d=\"M16 6h.01\"\n              />\n              <path\n                d=\"M12 6h.01\"\n              />\n              <path\n                d=\"M12 10h.01\"\n              />\n              <path\n                d=\"M12 14h.01\"\n              />\n              <path\n                d=\"M16 10h.01\"\n              />\n              <path\n                d=\"M16 14h.01\"\n              />\n              <path\n                d=\"M8 10h.01\"\n              />\n              <path\n                d=\"M8 14h.01\"\n              />\n            </svg>\n            <span\n              class=\"text-sm font-medium\"\n            >\n              Empresa\n            </span>\n          </div>\n          <span\n            class=\"text-sm text-muted-foreground\"\n          />\n        </div>\n        <div\n          class=\"border-l-4 border-yellow-600 bg-secondary p-1.5\"\n        >\n          <div\n            class=\"flex items-start\"\n          >\n            <svg\n              class=\"lucide lucide-triangle-alert mr-1.5 mt-0.5 h-4 w-4 text-yellow-400\"\n              fill=\"none\"\n              height=\"24\"\n              stroke=\"currentColor\"\n              stroke-linecap=\"round\"\n              stroke-linejoin=\"round\"\n              stroke-width=\"2\"\n              viewBox=\"0 0 24 24\"\n              width=\"24\"\n              xmlns=\"http://www.w3.org/2000/svg\"\n            >\n              <path\n                d=\"m21.73 18-8-14a2 2 0 0 0-3.48 0l-8 14A2 2 0 0 0 4 21h16a2 2 0 0 0 1.73-3\"\n              />\n              <path\n                d=\"M12 9v4\"\n              />\n              <path\n                d=\"M12 17h.01\"\n              />\n            </svg>\n            <p\n              class=\"text-xs text-gray-300\"\n            >\n              <span\n                class=\"font-bold text-yellow-400\"\n              >\n                Atenção!\n              </span>\n               \n              Radares são considerados inativos se não enviarem dados há mais de 24 horas. No entanto, essa informação não é atualizada em tempo real e pode seguir desatualizada por várias horas.\n            </p>\n          </div>\n        </div>\n        <div\n          class=\"flex gap-2 pt-2\"\n        >\n          <button\n            class=\"inline-flex items-center justify-center whitespace-nowrap text-sm font-medium ring-offset-background transition-colors focus-visible:outline-none focus-visible:ring-2 focus-visible:ring-ring focus-visible:ring-offset-2 disabled:pointer-events-none disabled:opacity-50 border border-input bg-background hover:bg-accent hover:text-accent-foreground h-9 rounded-md px-3 flex-1\"\n          >\n            <svg\n              class=\"lucide lucide-map-pin mr-2 h-4 w-4\"\n              fill=\"none\"\n              height=\"24\"\n              stroke=\"currentColor\"\n              stroke-linecap=\"round\"\n              stroke-linejoin=\"round\"\n              stroke-width=\"2\"\n              viewBox=\"0 0 24 24\"\n              width=\"24\"\n              xmlns=\"http://www.w3.org/2000/svg\"\n            >\n              <path\n                d=\"M20 10c0 6-8 12-8 12s-8-6-8-12a8 8 0 0 1 16 0Z\"\n              />\n              <circle\n                cx=\"12\"\n                cy=\"10\"\n                r=\"3\"\n              />\n            </svg>\n            Focar no Radar\n          </button>\n          <button\n            class=\"inline-flex items-center justify-center whitespace-nowrap text-sm font-medium ring-offset-background transition-colors focus-visible:outline-none focus-visible:ring-2 focus-visible:ring-ring focus-visible:ring-offset-2 disabled:pointer-events-none disabled:opacity-50 border border-input bg-background hover:bg-accent hover:text-accent-foreground h-9 rounded-md px-3\"\n            title=\"Voltar ao zoom anterior\"\n          >\n            <svg\n              class=\"lucide lucide-rotate-ccw h-4 w-4\"\n              fill=\"none\"\n              height=\"24\"\n              stroke=\"currentColor\"\n              stroke-linecap=\"round\"\n              stroke-linejoin=\"round\"\n              stroke-width=\"2\"\n              viewBox=\"0 0 24 24\"\n              width=\"24\"\n              xmlns=\"http://www.w3.org/2000/svg\"\n            >\n              <path\n                d=\"M3 12a9 9 0 1 0 9-9 9.75 9.75 0 0 0-6.74 2.74L3 8\"\n              />\n              <path\n                d=\"M3 3v5h5\"\n              />\n            </svg>\n          </button>\n        </div>\n      </div>\n    </div>\n  </div>\n</div>","message":"expect(received).toMatchSnapshot(hint)\n\nSnapshot name: `Select Cards Layout Snapshots RadarSelectCard Layout deve manter o layout quando não há objeto selecionado: radar-card-null 1`\n\n- Snapshot  - 4\n+ Received  + 4\n\n@@ -31,11 +31,11 @@\n        class=\"flex flex-col space-y-1.5 p-6 border-b px-4 py-3\"\n      >\n        <h3\n          class=\"text-left text-sm font-semibold tracking-tighter\"\n        >\n-         Radar OCR\n+         Informações do Equipamento\n        </h3>\n      </div>\n      <div\n        class=\"p-6 px-4 py-3\"\n      >\n@@ -46,11 +46,11 @@\n            class=\"flex flex-col space-y-1\"\n          >\n            <span\n              class=\"text-sm font-medium\"\n            >\n-             Código CET-Rio\n+             Código do Equipamento\n            </span>\n            <span\n              class=\"break-all text-sm text-muted-foreground\"\n            />\n          </div>\n@@ -223,11 +223,11 @@\n                  class=\"font-bold text-yellow-400\"\n                >\n                  Atenção!\n                </span>\n                 \n-               Radares são considerados inativos se não enviarem dados há mais de 24 horas. No entanto, essa informação não é atualizada em tempo real e pode seguir desatualizada por várias horas.\n+               Equipamentos LPR são considerados inativos se não enviarem dados há mais de 24 horas. No entanto, essa informação não é atualizada em tempo real e pode seguir desatualizada por várias horas.\n              </p>\n            </div>\n          </div>\n          <div\n            class=\"flex gap-2 pt-2\"\n@@ -254,11 +254,11 @@\n                  cx=\"12\"\n                  cy=\"10\"\n                  r=\"3\"\n                />\n              </svg>\n-             Focar no Radar\n+             Focar no Equipamento\n            </button>\n            <button\n              class=\"inline-flex items-center justify-center whitespace-nowrap text-sm font-medium ring-offset-background transition-colors focus-visible:outline-none focus-visible:ring-2 focus-visible:ring-ring focus-visible:ring-offset-2 disabled:pointer-events-none disabled:opacity-50 border border-input bg-background hover:bg-accent hover:text-accent-foreground h-9 rounded-md px-3\"\n              title=\"Voltar ao zoom anterior\"\n            >","name":"toMatchSnapshot","pass":false}}],"failureMessages":["Error: expect(received).toMatchSnapshot(hint)\n\nSnapshot name: `Select Cards Layout Snapshots RadarSelectCard Layout deve manter o layout quando não há objeto selecionado: radar-card-null 1`\n\n- Snapshot  - 4\n+ Received  + 4\n\n@@ -31,11 +31,11 @@\n        class=\"flex flex-col space-y-1.5 p-6 border-b px-4 py-3\"\n      >\n        <h3\n          class=\"text-left text-sm font-semibold tracking-tighter\"\n        >\n-         Radar OCR\n+         Informações do Equipamento\n        </h3>\n      </div>\n      <div\n        class=\"p-6 px-4 py-3\"\n      >\n@@ -46,11 +46,11 @@\n            class=\"flex flex-col space-y-1\"\n          >\n            <span\n              class=\"text-sm font-medium\"\n            >\n-             Código CET-Rio\n+             Código do Equipamento\n            </span>\n            <span\n              class=\"break-all text-sm text-muted-foreground\"\n            />\n          </div>\n@@ -223,11 +223,11 @@\n                  class=\"font-bold text-yellow-400\"\n                >\n                  Atenção!\n                </span>\n                 \n-               Radares são considerados inativos se não enviarem dados há mais de 24 horas. No entanto, essa informação não é atualizada em tempo real e pode seguir desatualizada por várias horas.\n+               Equipamentos LPR são considerados inativos se não enviarem dados há mais de 24 horas. No entanto, essa informação não é atualizada em tempo real e pode seguir desatualizada por várias horas.\n              </p>\n            </div>\n          </div>\n          <div\n            class=\"flex gap-2 pt-2\"\n@@ -254,11 +254,11 @@\n                  cx=\"12\"\n                  cy=\"10\"\n                  r=\"3\"\n                />\n              </svg>\n-             Focar no Radar\n+             Focar no Equipamento\n            </button>\n            <button\n              class=\"inline-flex items-center justify-center whitespace-nowrap text-sm font-medium ring-offset-background transition-colors focus-visible:outline-none focus-visible:ring-2 focus-visible:ring-ring focus-visible:ring-offset-2 disabled:pointer-events-none disabled:opacity-50 border border-input bg-background hover:bg-accent hover:text-accent-foreground h-9 rounded-md px-3\"\n              title=\"Voltar ao zoom anterior\"\n            >\n    at Object.toMatchSnapshot (/home/nicolas/dev/civitas-app/src/__tests__/components/map/select-cards-layout.test.tsx:99:36)\n    at Promise.finally.completed (/home/nicolas/dev/civitas-app/node_modules/.pnpm/jest-circus@30.1.1/node_modules/jest-circus/build/jestAdapterInit.js:1556:28)\n    at new Promise (<anonymous>)\n    at callAsyncCircusFn (/home/nicolas/dev/civitas-app/node_modules/.pnpm/jest-circus@30.1.1/node_modules/jest-circus/build/jestAdapterInit.js:1496:10)\n    at _callCircusTest (/home/nicolas/dev/civitas-app/node_modules/.pnpm/jest-circus@30.1.1/node_modules/jest-circus/build/jestAdapterInit.js:1006:40)\n    at processTicksAndRejections (node:internal/process/task_queues:105:5)\n    at _runTest (/home/nicolas/dev/civitas-app/node_modules/.pnpm/jest-circus@30.1.1/node_modules/jest-circus/build/jestAdapterInit.js:946:3)\n    at _runTestsForDescribeBlock (/home/nicolas/dev/civitas-app/node_modules/.pnpm/jest-circus@30.1.1/node_modules/jest-circus/build/jestAdapterInit.js:839:13)\n    at _runTestsForDescribeBlock (/home/nicolas/dev/civitas-app/node_modules/.pnpm/jest-circus@30.1.1/node_modules/jest-circus/build/jestAdapterInit.js:829:11)\n    at _runTestsForDescribeBlock (/home/nicolas/dev/civitas-app/node_modules/.pnpm/jest-circus@30.1.1/node_modules/jest-circus/build/jestAdapterInit.js:829:11)\n    at run (/home/nicolas/dev/civitas-app/node_modules/.pnpm/jest-circus@30.1.1/node_modules/jest-circus/build/jestAdapterInit.js:757:3)\n    at runAndTransformResultsToJestFormat (/home/nicolas/dev/civitas-app/node_modules/.pnpm/jest-circus@30.1.1/node_modules/jest-circus/build/jestAdapterInit.js:1917:21)\n    at jestAdapter (/home/nicolas/dev/civitas-app/node_modules/.pnpm/jest-circus@30.1.1/node_modules/jest-circus/build/runner.js:101:19)\n    at runTestInternal (/home/nicolas/dev/civitas-app/node_modules/.pnpm/jest-runner@30.1.1/node_modules/jest-runner/build/testWorker.js:275:16)\n    at runTest (/home/nicolas/dev/civitas-app/node_modules/.pnpm/jest-runner@30.1.1/node_modules/jest-runner/build/testWorker.js:343:7)\n    at Object.worker (/home/nicolas/dev/civitas-app/node_modules/.pnpm/jest-runner@30.1.1/node_modules/jest-runner/build/testWorker.js:497:12)"],"fullName":"Select Cards Layout Snapshots RadarSelectCard Layout deve manter o layout quando não há objeto selecionado","invocations":1,"location":null,"numPassingAsserts":0,"retryReasons":[],"startAt":1774453633724,"status":"failed","title":"deve manter o layout quando não há objeto selecionado"},{"ancestorTitles":["Select Cards Layout Snapshots","CameraSelectCard Layout"],"durati
[...]
ion":null,"numPassingAsserts":2,"retryReasons":[],"startAt":1774453635964,"status":"passed","title":"deve rejeitar quando data de fim é igual à data de início"},{"ancestorTitles":["radarSearchSchema","validação de datas"],"duration":1,"failing":false,"failureDetails":[],"failureMessages":[],"fullName":"radarSearchSchema validação de datas deve rejeitar intervalo maior que 5 horas","invocations":1,"location":null,"numPassingAsserts":2,"retryReasons":[],"startAt":1774453635964,"status":"passed","title":"deve rejeitar intervalo maior que 5 horas"},{"ancestorTitles":["radarSearchSchema","validação de datas"],"duration":0,"failing":false,"failureDetails":[],"failureMessages":[],"fullName":"radarSearchSchema validação de datas deve aceitar intervalo que transborda para o dia seguinte (dentro do limite)","invocations":1,"location":null,"numPassingAsserts":1,"retryReasons":[],"startAt":1774453635965,"status":"passed","title":"deve aceitar intervalo que transborda para o dia seguinte (dentro do limite)"},{"ancestorTitles":["radarSearchSchema","validação de datas"],"duration":0,"failing":false,"failureDetails":[],"failureMessages":[],"fullName":"radarSearchSchema validação de datas deve rejeitar intervalo que transborda para o dia seguinte (acima do limite)","invocations":1,"location":null,"numPassingAsserts":2,"retryReasons":[],"startAt":1774453635965,"status":"passed","title":"deve rejeitar intervalo que transborda para o dia seguinte (acima do limite)"},{"ancestorTitles":["radarSearchSchema","validação de placa"],"duration":0,"failing":false,"failureDetails":[],"failureMessages":[],"fullName":"radarSearchSchema validação de placa deve aceitar placa válida","invocations":1,"location":null,"numPassingAsserts":1,"retryReasons":[],"startAt":1774453635965,"status":"passed","title":"deve aceitar placa válida"},{"ancestorTitles":["radarSearchSchema","validação de placa"],"duration":0,"failing":false,"failureDetails":[],"failureMessages":[],"fullName":"radarSearchSchema validação de placa deve aceitar placa com wildcard","invocations":1,"location":null,"numPassingAsserts":1,"retryReasons":[],"startAt":1774453635965,"status":"passed","title":"deve aceitar placa com wildcard"},{"ancestorTitles":["radarSearchSchema","validação de placa"],"duration":0,"failing":false,"failureDetails":[],"failureMessages":[],"fullName":"radarSearchSchema validação de placa deve aceitar placa vazia (opcional)","invocations":1,"location":null,"numPassingAsserts":1,"retryReasons":[],"startAt":1774453635965,"status":"passed","title":"deve aceitar placa vazia (opcional)"},{"ancestorTitles":["radarSearchSchema","validação de placa"],"duration":1,"failing":false,"failureDetails":[],"failureMessages":[],"fullName":"radarSearchSchema validação de placa deve aceitar placa undefined (opcional)","invocations":1,"location":null,"numPassingAsserts":1,"retryReasons":[],"startAt":1774453635965,"status":"passed","title":"deve aceitar placa undefined (opcional)"},{"ancestorTitles":["radarSearchSchema","validação de placa"],"duration":0,"failing":false,"failureDetails":[],"failureMessages":[],"fullName":"radarSearchSchema validação de placa deve rejeitar placa inválida","invocations":1,"location":null,"numPassingAsserts":2,"retryReasons":[],"startAt":1774453635966,"status":"passed","title":"deve rejeitar placa inválida"},{"ancestorTitles":["radarSearchSchema","validação de radares"],"duration":0,"failing":false,"failureDetails":[],"failureMessages":[],"fullName":"radarSearchSchema validação de radares deve aceitar array com um radar","invocations":1,"location":null,"numPassingAsserts":1,"retryReasons":[],"startAt":1774453635966,"status":"passed","title":"deve aceitar array com um radar"},{"ancestorTitles":["radarSearchSchema","validação de radares"],"duration":0,"failing":false,"failureDetails":[],"failureMessages":[],"fullName":"radarSearchSchema validação de radares deve aceitar array com múltiplos radares","invocations":1,"location":null,"numPassingAsserts":1,"retryReasons":[],"startAt":1774453635966,"status":"passed","title":"deve aceitar array com múltiplos radares"},{"ancestorTitles":["radarSearchSchema","validação de radares"],"duration":0,"failing":false,"failureDetails":[],"failureMessages":[],"fullName":"radarSearchSchema validação de radares deve rejeitar array vazio","invocations":1,"location":null,"numPassingAsserts":2,"retryReasons":[],"startAt":1774453635966,"status":"passed","title":"deve rejeitar array vazio"},{"ancestorTitles":["radarSearchSchema","validação de campos obrigatórios"],"duration":1,"failing":false,"failureDetails":[],"failureMessages":[],"fullName":"radarSearchSchema validação de campos obrigatórios deve rejeitar quando startDate está faltando","invocations":1,"location":null,"numPassingAsserts":2,"retryReasons":[],"startAt":1774453635966,"status":"passed","title":"deve rejeitar quando startDate está faltando"},{"ancestorTitles":["radarSearchSchema","validação de campos obrigatórios"],"duration":0,"failing":false,"failureDetails":[],"failureMessages":[],"fullName":"radarSearchSchema validação de campos obrigatórios deve rejeitar quando endDate está faltando","invocations":1,"location":null,"numPassingAsserts":2,"retryReasons":[],"startAt":1774453635967,"status":"passed","title":"deve rejeitar quando endDate está faltando"}],"endTime":1774453635967,"message":"","name":"/home/nicolas/dev/civitas-app/src/__tests__/components/validationSchemas.test.ts","startTime":1774453635936,"status":"passed","summary":""},{"assertionResults":[{"ancestorTitles":["toQueryParams"],"duration":1,"failing":false,"failureDetails":[],"failureMessages":[],"fullName":"toQueryParams deve converter objeto simples para URLSearchParams","invocations":1,"location":null,"numPassingAsserts":2,"retryReasons":[],"startAt":1774453635977,"status":"passed","title":"deve converter objeto simples para URLSearchParams"},{"ancestorTitles":["toQueryParams"],"duration":0,"failing":false,"failureDetails":[],"failureMessages":[],"fullName":"toQueryParams deve converter arrays para múltiplos parâmetros","invocations":1,"location":null,"numPassingAsserts":1,"retryReasons":[],"startAt":1774453635978,"status":"passed","title":"deve converter arrays para múltiplos parâmetros"},{"ancestorTitles":["toQueryParams"],"duration":0,"failing":false,"failureDetails":[],"failureMessages":[],"fullName":"toQueryParams deve converter datas para ISO string","invocations":1,"location":null,"numPassingAsserts":1,"retryReasons":[],"startAt":1774453635978,"status":"passed","title":"deve converter datas para ISO string"},{"ancestorTitles":["toQueryParams"],"duration":0,"failing":false,"failureDetails":[],"failureMessages":[],"fullName":"toQueryParams deve converter objetos aninhados com datas","invocations":1,"location":null,"numPassingAsserts":4,"retryReasons":[],"startAt":1774453635978,"status":"passed","title":"deve converter objetos aninhados com datas"},{"ancestorTitles":["toQueryParams"],"duration":1,"failing":false,"failureDetails":[],"failureMessages":[],"fullName":"toQueryParams deve converter objetos aninhados com tipos primitivos","invocations":1,"location":null,"numPassingAsserts":3,"retryReasons":[],"startAt":1774453635978,"status":"passed","title":"deve converter objetos aninhados com tipos primitivos"},{"ancestorTitles":["toQueryParams"],"duration":0,"failing":false,"failureDetails":[],"failureMessages":[],"fullName":"toQueryParams deve ignorar valores falsy","invocations":1,"location":null,"numPassingAsserts":4,"retryReasons":[],"startAt":1774453635979,"status":"passed","title":"deve ignorar valores falsy"},{"ancestorTitles":["toQueryParams"],"duration":0,"failing":false,"failureDetails":[],"failureMessages":[],"fullName":"toQueryParams deve converter dados do formulário de busca por radar corretamente","invocations":1,"location":null,"numPassingAsserts":4,"retryReasons":[],"startAt":1774453635979,"status":"passed","title":"deve converter dados do formulário de busca por radar corretamente"},{"ancestorTitles":["toQueryParams"],"duration":1,"failing":false,"failureDetails":[],"failureMessages":[],"fullName":"toQueryParams deve gerar string de query válida","invocations":1,"location":null,"numPassingAsserts":4,"retryReasons":[],"startAt":1774453635979,"status":"passed","title":"deve gerar string de query válida"}],"endTime":1774453635980,"message":"","name":"/home/nicolas/dev/civitas-app/src/__tests__/utils/to-query-params.test.ts","startTime":1774453635946,"status":"passed","summary":""},{"assertionResults":[{"ancestorTitles":["haversineDistance","when calculating distance between coordinates"],"duration":0,"failing":false,"failureDetails":[],"failureMessages":[],"fullName":"haversineDistance when calculating distance between coordinates should return 0 for the same point","invocations":1,"location":null,"numPassingAsserts":1,"retryReasons":[],"startAt":1774453636002,"status":"passed","title":"should return 0 for the same point"},{"ancestorTitles":["haversineDistance","when calculating distance between coordinates"],"duration":0,"failing":false,"failureDetails":[],"failureMessages":[],"fullName":"haversineDistance when calculating distance between coordinates should calculate correct distance between Rio de Janeiro and São Paulo","invocations":1,"location":null,"numPassingAsserts":1,"retryReasons":[],"startAt":1774453636002,"status":"passed","title":"should calculate correct distance between Rio de Janeiro and São Paulo"},{"ancestorTitles":["haversineDistance","when calculating distance between coordinates"],"duration":1,"failing":false,"failureDetails":[],"failureMessages":[],"fullName":"haversineDistance when calculating distance between coordinates should calculate distance between two points in Rio","invocations":1,"location":null,"numPassingAsserts":1,"retryReasons":[],"startAt":1774453636002,"status":"passed","title":"should calculate distance between two points in Rio"},{"ancestorTitles":["haversineDistance","when calculating distance between coordinates"],"duration":0,"failing":false,"failureDetails":[],"failureMessages":[],"fullName":"haversineDistance when calculating distance between coordinates should handle negative coordinates correctly","invocations":1,"location":null,"numPassingAsserts":2,"retryReasons":[],"startAt":1774453636003,"status":"passed","title":"should handle negative coordinates correctly"},{"ancestorTitles":["haversineDistance","when calculating distance between coordinates"],"duration":0,"failing":false,"failureDetails":[],"failureMessages":[],"fullName":"haversineDistance when calculating distance between coordinates should handle positive coordinates correctly","invocations":1,"location":null,"numPassingAsserts":2,"retryReasons":[],"startAt":1774453636003,"status":"passed","title":"should handle positive coordinates correctly"},{"ancestorTitles":["haversineDistance","edge cases"],"duration":0,"failing":false,"failureDetails":[],"failureMessages":[],"fullName":"haversineDistance edge cases should handle coordinates at equator","invocations":1,"location":null,"numPassingAsserts":2,"retryReasons":[],"startAt":1774453636003,"status":"passed","title":"should handle coordinates at equator"},{"ancestorTitles":["haversineDistance","edge cases"],"duration":0,"failing":false,"failureDetails":[],"failureMessages":[],"fullName":"haversineDistance edge cases should handle very small distances","invocations":1,"location":null,"numPassingAsserts":2,"retryReasons":[],"startAt":1774453636003,"status":"passed","title":"should handle very small distances"}],"endTime":1774453636004,"message":"","name":"/home/nicolas/dev/civitas-app/src/__tests__/utils/haversine-distance.test.ts","startTime":1774453635976,"status":"passed","summary":""},{"assertionResults":[{"ancestorTitles":["String.prototype.capitalizeFirstLetter","when capitalizing strings"],"duration":0,"failing":false,"failureDetails":[],"failureMessages":[],"fullName":"String.prototype.capitalizeFirstLetter when capitalizing strings should capitalize single word","invocations":1,"location":null,"numPassingAsserts":1,"retryReasons":[],"startAt":1774453636020,"status":"passed","title":"should capitalize single word"},{"ancestorTitles":["String.prototype.capitalizeFirstLetter","when capitalizing strings"],"duration":0,"failing":false,"failureDetails":[],"failureMessages":[],"fullName":"String.prototype.capitalizeFirstLetter when capitalizing strings should capitalize multiple words","invocations":1,"location":null,"numPassingAsserts":1,"retryReasons":[],"startAt":1774453636020,"status":"passed","title":"should capitalize multiple words"},{"ancestorTitles":["String.prototype.capitalizeFirstLetter","when capitalizing strings"],"duration":0,"failing":false,"failureDetails":[],"failureMessages":[],"fullName":"String.prototype.capitalizeFirstLetter when capitalizing strings should handle already capitalized words","invocations":1,"location":null,"numPassingAsserts":1,"retryReasons":[],"startAt":1774453636020,"status":"passed","title":"should handle already capitalized words"},{"ancestorTitles":["String.prototype.capitalizeFirstLetter","when capitalizing strings"],"duration":1,"failing":false,"failureDetails":[],"failureMessages":[],"fullName":"String.prototype.capitalizeFirstLetter when capitalizing strings should handle mixed case strings","invocations":1,"location":null,"numPassingAsserts":1,"retryReasons":[],"startAt":1774453636020,"status":"passed","title":"should handle mixed case strings"},{"ancestorTitles":["String.prototype.capitalizeFirstLetter","when capitalizing strings"],"duration":0,"failing":false,"failureDetails":[],"failureMessages":[],"fullName":"String.prototype.capitalizeFirstLetter when capitalizing strings should handle strings with multiple spaces","invocations":1,"location":null,"numPassingAsserts":1,"retryReasons":[],"startAt":1774453636021,"status":"passed","title":"should handle strings with multiple spaces"},{"ancestorTitles":["String.prototype.capitalizeFirstLetter","edge cases"],"duration":0,"failing":false,"failureDetails":[],"failureMessages":[],"fullName":"String.prototype.capitalizeFirstLetter edge cases should handle empty string","invocations":1,"location":null,"numPassingAsserts":1,"retryReasons":[],"startAt":1774453636021,"status":"passed","title":"should handle empty string"},{"ancestorTitles":["String.prototype.capitalizeFirstLetter","edge cases"],"duration":0,"failing":false,"failureDetails":[],"failureMessages":[],"fullName":"String.prototype.capitalizeFirstLetter edge cases should handle single character","invocations":1,"location":null,"numPassingAsserts":1,"retryReasons":[],"startAt":1774453636021,"status":"passed","title":"should handle single character"},{"ancestorTitles":["String.prototype.capitalizeFirstLetter","edge cases"],"duration":0,"failing":false,"failureDetails":[],"failureMessages":[],"fullName":"String.prototype.capitalizeFirstLetter edge cases should handle string with only spaces","invocations":1,"location":null,"numPassingAsserts":1,"retryReasons":[],"startAt":1774453636021,"status":"passed","title":"should handle string with only spaces"},{"ancestorTitles":["String.prototype.capitalizeFirstLetter","edge cases"],"duration":0,"failing":false,"failureDetails":[],"failureMessages":[],"fullName":"String.prototype.capitalizeFirstLetter edge cases should handle string starting with space","invocations":1,"location":null,"numPassingAsserts":1,"retryReasons":[],"startAt":1774453636021,"status":"passed","title":"should handle string starting with space"},{"ancestorTitles":["String.prototype.capitalizeFirstLetter","edge cases"],"duration":0,"failing":false,"failureDetails":[],"failureMessages":[],"fullName":"String.prototype.capitalizeFirstLetter edge cases should handle string ending with space","invocations":1,"location":null,"numPassingAsserts":1,"retryReasons":[],"startAt":1774453636021,"status":"passed","title":"should handle string ending with space"},{"ancestorTitles":["String.prototype.capitalizeFirstLetter","edge cases"],"duration":0,"failing":false,"failureDetails":[],"failureMessages":[],"fullName":"String.prototype.capitalizeFirstLetter edge cases should handle numbers and special characters","invocations":1,"location":null,"numPassingAsserts":1,"retryReasons":[],"startAt":1774453636021,"status":"passed","title":"should handle numbers and special characters"},{"ancestorTitles":["String.prototype.capitalizeFirstLetter","edge cases"],"duration":1,"failing":false,"failureDetails":[],"failureMessages":[],"fullName":"String.prototype.capitalizeFirstLetter edge cases should handle accented characters","invocations":1,"location":null,"numPassingAsserts":1,"retryReasons":[],"startAt":1774453636021,"status":"passed","title":"should handle accented characters"}],"endTime":1774453636022,"message":"","name":"/home/nicolas/dev/civitas-app/src/__tests__/utils/string-extensions.test.ts","startTime":1774453635994,"status":"passed","summary":""},{"assertionResults":[{"ancestorTitles":["calculateColorInGradient","gradient calculation based on time difference"],"duration":1,"failing":false,"failureDetails":[],"failureMessages":[],"fullName":"calculateColorInGradient gradient calculation based on time difference should return blue when start and end times are the same (0 minutes)","invocations":1,"location":null,"numPassingAsserts":1,"retryReasons":[],"startAt":1774453636037,"status":"passed","title":"should return blue when start and end times are the same (0 minutes)"},{"ancestorTitles":["calculateColorInGradient","gradient calculation based on time difference"],"duration":1,"failing":false,"failureDetails":[],"failureMessages":[],"fullName":"calculateColorInGradient gradient calculation based on time difference should return red when time difference is 60 minutes","invocations":1,"location":null,"numPassingAsserts":1,"retryReasons":[],"startAt":1774453636038,"status":"passed","title":"should return red when time difference is 60 minutes"},{"ancestorTitles":["calculateColorInGradient","gradient calculation based on time difference"],"duration":0,"failing":false,"failureDetails":[],"failureMessages":[],"fullName":"calculateColorInGradient gradient calculation based on time difference should return color halfway between blue and red for 30 minutes","invocations":1,"location":null,"numPassingAsserts":3,"retryReasons":[],"startAt":1774453636039,"status":"passed","title":"should return color halfway between blue and red for 30 minutes"},{"ancestorTitles":["calculateColorInGradient","gradient calculation based on time difference"],"duration":0,"failing":false,"failureDetails":[],"failureMessages":[],"fullName":"calculateColorInGradient gradient calculation based on time difference should handle missing endTime by using startTime (0 minutes difference)","invocations":1,"location":null,"numPassingAsserts":1,"retryReasons":[],"startAt":1774453636039,"status":"passed","title":"should handle missing endTime by using startTime (0 minutes difference)"},{"ancestorTitles":["calculateColorInGradient","edge cases"],"duration":1,"failing":false,"failureDetails":[],"failureMessages":[],"fullName":"calculateColorInGradient edge cases should handle very small time differences (30 seconds)","invocations":1,"location":null,"numPassingAsserts":3,"retryReasons":[],"startAt":1774453636039,"status":"passed","title":"should handle very small time differences (30 seconds)"},{"ancestorTitles":["calculateColorInGradient","edge cases"],"duration":0,"failing":false,"failureDetails":[],"failureMessages":[],"fullName":"calculateColorInGradient edge cases should handle time differences greater than 60 minutes (120 minutes)","invocations":1,"location":null,"numPassingAsserts":3,"retryReasons":[],"startAt":1774453636040,"status":"passed","title":"should handle time differences greater than 60 minutes (120 minutes)"}],"endTime":1774453636041,"message":"","name":"/home/nicolas/dev/civitas-app/src/__tests__/utils/calculate-color-gradient.test.ts","startTime":1774453636009,"status":"passed","summary":""}],"wasInterrupted":false}
